=/pretest.json
{
  _: [],
  f: [
    '/home/runner/work/exp-components-of-optical-microscope-and-working-principle-using-vr-iitk/exp-components-of-optical-microscope-and-working-principle-using-vr-iitk/experiment/pretest.json'
  ],
  files: [
    '/home/runner/work/exp-components-of-optical-microscope-and-working-principle-using-vr-iitk/exp-components-of-optical-microscope-and-working-principle-using-vr-iitk/experiment/pretest.json'
  ],
  c: 'assessment',
  contentTypes: 'assessment',
  'content-types': 'assessment',
  '$0': 'validate'
}
Validated true
=/posttest.json
{
  _: [],
  f: [
    '/home/runner/work/exp-components-of-optical-microscope-and-working-principle-using-vr-iitk/exp-components-of-optical-microscope-and-working-principle-using-vr-iitk/experiment/posttest.json'
  ],
  files: [
    '/home/runner/work/exp-components-of-optical-microscope-and-working-principle-using-vr-iitk/exp-components-of-optical-microscope-and-working-principle-using-vr-iitk/experiment/posttest.json'
  ],
  c: 'assessment',
  contentTypes: 'assessment',
  'content-types': 'assessment',
  '$0': 'validate'
}
Validated true
